running algorithm '/workspace/manual_traders/R3_VEV/r3v_velvet_beta_hedge_02/trader_v36.py'...
Backtesting /workspace/manual_traders/R3_VEV/r3v_velvet_beta_hedge_02/trader_v36.py for round: 3 day: 0
VEV_6500: 0
VEV_6000: 0
VEV_5500: 0
VEV_5400: 0
VEV_5300: 0
VEV_5200: 0
VEV_5100: 0
VEV_5000: 0
VEV_4500: 0
VEV_4000: 125
VELVETFRUIT_EXTRACT: 370
HYDROGEL_PACK: 0
Total profit: 495
Backtesting /workspace/manual_traders/R3_VEV/r3v_velvet_beta_hedge_02/trader_v36.py for round: 3 day: 1
VEV_6500: 0
VEV_6000: 0
VEV_5500: 0
VEV_5400: 0
VEV_5300: 0
VEV_5200: 0
VEV_5100: 0
VEV_5000: 0
VEV_4500: -34
VEV_4000: 395
VELVETFRUIT_EXTRACT: 312
HYDROGEL_PACK: 0
Total profit: 674
Backtesting /workspace/manual_traders/R3_VEV/r3v_velvet_beta_hedge_02/trader_v36.py for round: 3 day: 2
VEV_6500: 0
VEV_6000: 0
VEV_5500: 0
VEV_5400: 0
VEV_5300: 0
VEV_5200: 0
VEV_5100: 0
VEV_5000: 0
VEV_4500: 0
VEV_4000: 433
VELVETFRUIT_EXTRACT: 1,286
HYDROGEL_PACK: 0
Total profit: 1,718
