running algorithm '/workspace/manual_traders/R4/r3v_velvet_beta_hedge_02/trader_v15.py'...
Backtesting /workspace/manual_traders/R4/r3v_velvet_beta_hedge_02/trader_v15.py for round: 4 day: 1
VEV_6500: 0
VEV_6000: 0
VEV_5500: 0
VEV_5400: 0
VEV_5300: 0
VEV_5200: 0
VEV_5100: 0
VEV_5000: 0
VEV_4500: -34
VEV_4000: 3,306
VELVETFRUIT_EXTRACT: 4,084
HYDROGEL_PACK: 13,396
Total profit: 20,752
Backtesting /workspace/manual_traders/R4/r3v_velvet_beta_hedge_02/trader_v15.py for round: 4 day: 2
VEV_6500: 0
VEV_6000: 0
VEV_5500: 0
VEV_5400: 0
VEV_5300: 0
VEV_5200: 0
VEV_5100: 0
VEV_5000: 0
VEV_4500: 0
VEV_4000: 2,376
VELVETFRUIT_EXTRACT: -672
HYDROGEL_PACK: -309
Total profit: 1,395
Backtesting /workspace/manual_traders/R4/r3v_velvet_beta_hedge_02/trader_v15.py for round: 4 day: 3
VEV_6500: 0
VEV_6000: 0
VEV_5500: 0
VEV_5400: 0
VEV_5300: -65
VEV_5200: 0
VEV_5100: 4
VEV_5000: 12
VEV_4500: 27
VEV_4000: 2,594
VELVETFRUIT_EXTRACT: 1,729
HYDROGEL_PACK: 6,906
Total profit: 11,208
Profit summary:
Round 4 day 1: 20,752
Round 4 day 2: 1,395
Round 4 day 3: 11,208
Total profit: 33,354
