running algorithm '/workspace/manual_traders/R4/r3v_velvet_beta_hedge_02/trader_v18.py'...
Backtesting /workspace/manual_traders/R4/r3v_velvet_beta_hedge_02/trader_v18.py for round: 4 day: 1
VEV_6500: 0
VEV_6000: 0
VEV_5500: 0
VEV_5400: 0
VEV_5300: 0
VEV_5200: 0
VEV_5100: 0
VEV_5000: 0
VEV_4500: -34
VEV_4000: 3,306
VELVETFRUIT_EXTRACT: 3,988
HYDROGEL_PACK: 13,396
Total profit: 20,656
Backtesting /workspace/manual_traders/R4/r3v_velvet_beta_hedge_02/trader_v18.py for round: 4 day: 2
VEV_6500: 0
VEV_6000: 0
VEV_5500: 0
VEV_5400: 0
VEV_5300: 0
VEV_5200: 0
VEV_5100: 0
VEV_5000: 0
VEV_4500: 0
VEV_4000: 2,376
VELVETFRUIT_EXTRACT: -29
HYDROGEL_PACK: -309
Total profit: 2,038
Backtesting /workspace/manual_traders/R4/r3v_velvet_beta_hedge_02/trader_v18.py for round: 4 day: 3
VEV_6500: 0
VEV_6000: 0
VEV_5500: 0
VEV_5400: 0
VEV_5300: 0
VEV_5200: 0
VEV_5100: 4
VEV_5000: 12
VEV_4500: 27
VEV_4000: 2,594
VELVETFRUIT_EXTRACT: 1,742
HYDROGEL_PACK: 6,906
Total profit: 11,286
Profit summary:
Round 4 day 1: 20,656
Round 4 day 2: 2,038
Round 4 day 3: 11,286
Total profit: 33,979
