running algorithm '/workspace/manual_traders/R4/r3v_velvet_beta_hedge_02/trader_v1.py'...
Backtesting /workspace/manual_traders/R4/r3v_velvet_beta_hedge_02/trader_v1.py for round: 4 day: 1
VEV_6500: 0
VEV_6000: 0
VEV_5500: 0
VEV_5400: 0
VEV_5300: -3,277
VEV_5200: 0
VEV_5100: 0
VEV_5000: 0
VEV_4500: 0
VEV_4000: 0
VELVETFRUIT_EXTRACT: 0
HYDROGEL_PACK: 0
Total profit: -3,277
Backtesting /workspace/manual_traders/R4/r3v_velvet_beta_hedge_02/trader_v1.py for round: 4 day: 2
VEV_6500: 0
VEV_6000: 0
VEV_5500: 0
VEV_5400: 0
VEV_5300: -1,725
VEV_5200: 0
VEV_5100: 0
VEV_5000: 0
VEV_4500: 0
VEV_4000: 0
VELVETFRUIT_EXTRACT: 0
HYDROGEL_PACK: 0
Total profit: -1,725
Backtesting /workspace/manual_traders/R4/r3v_velvet_beta_hedge_02/trader_v1.py for round: 4 day: 3
VEV_6500: 0
VEV_6000: 0
VEV_5500: 0
VEV_5400: 0
VEV_5300: 6,042
VEV_5200: 0
VEV_5100: 0
VEV_5000: 0
VEV_4500: 0
VEV_4000: 0
VELVETFRUIT_EXTRACT: 0
HYDROGEL_PACK: 0
Total profit: 6,042
Profit summary:
Round 4 day 1: -3,277
Round 4 day 2: -1,725
Round 4 day 3: 6,042
Total profit: 1,040
