running algorithm '/workspace/manual_traders/R3_VEV/r3v_synthetic_local_vol_surface_15/trader_v22_beta_shock_gate.py'...
Backtesting /workspace/manual_traders/R3_VEV/r3v_synthetic_local_vol_surface_15/trader_v22_beta_shock_gate.py for round: 3 day: 0
VEV_6500: 0
VEV_6000: 0
VEV_5500: 380
VEV_5400: -412
VEV_5300: -110
VEV_5200: 408
VEV_5100: 229
VEV_5000: -1,095
VEV_4500: 0
VEV_4000: 0
VELVETFRUIT_EXTRACT: 0
HYDROGEL_PACK: 0
Total profit: -600
Backtesting /workspace/manual_traders/R3_VEV/r3v_synthetic_local_vol_surface_15/trader_v22_beta_shock_gate.py for round: 3 day: 1
VEV_6500: 0
VEV_6000: 0
VEV_5500: 114
VEV_5400: -379
VEV_5300: -2,384
VEV_5200: -2,539
VEV_5100: 4,018
VEV_5000: 3,302
VEV_4500: 0
VEV_4000: 0
VELVETFRUIT_EXTRACT: 0
HYDROGEL_PACK: 0
Total profit: 2,133
Backtesting /workspace/manual_traders/R3_VEV/r3v_synthetic_local_vol_surface_15/trader_v22_beta_shock_gate.py for round: 3 day: 2
VEV_6500: 0
VEV_6000: 0
VEV_5500: -118
VEV_5400: 330
VEV_5300: -1,194
VEV_5200: -4,479
VEV_5100: 11,062
VEV_5000: 2,832
VEV_4500: 0
VEV_4000: 0
VELVETFRUIT_EXTRACT: 0
HYDROGEL_PACK: 0
Total profit: 8,432
Profit summary:
Round 3 day 0: -600
Round 3 day 1: 2,133
Round 3 day 2: 8,432
Total profit: 9,965

Successfully saved backtest results to manual_traders/R3_VEV/r3v_synthetic_local_vol_surface_15/run_logs/trader_v22_beta_shock_gate.log
