running algorithm '/workspace/manual_traders/R3_VEV/r3v_synthetic_local_vol_surface_15/trader_v21_adaptive_corebiased.py'...
Backtesting /workspace/manual_traders/R3_VEV/r3v_synthetic_local_vol_surface_15/trader_v21_adaptive_corebiased.py for round: 3 day: 0
VEV_6500: 0
VEV_6000: 0
VEV_5500: 377
VEV_5400: -428
VEV_5300: -96
VEV_5200: 504
VEV_5100: 262
VEV_5000: -1,440
VEV_4500: 0
VEV_4000: 0
VELVETFRUIT_EXTRACT: 0
HYDROGEL_PACK: 0
Total profit: -821
Backtesting /workspace/manual_traders/R3_VEV/r3v_synthetic_local_vol_surface_15/trader_v21_adaptive_corebiased.py for round: 3 day: 1
VEV_6500: 0
VEV_6000: 0
VEV_5500: 88
VEV_5400: -400
VEV_5300: -2,257
VEV_5200: -2,479
VEV_5100: 4,503
VEV_5000: 3,460
VEV_4500: 0
VEV_4000: 0
VELVETFRUIT_EXTRACT: 0
HYDROGEL_PACK: 0
Total profit: 2,914
Backtesting /workspace/manual_traders/R3_VEV/r3v_synthetic_local_vol_surface_15/trader_v21_adaptive_corebiased.py for round: 3 day: 2
VEV_6500: 0
VEV_6000: 0
VEV_5500: -121
VEV_5400: 330
VEV_5300: -1,198
VEV_5200: -4,518
VEV_5100: 10,935
VEV_5000: 3,836
VEV_4500: 0
VEV_4000: 0
VELVETFRUIT_EXTRACT: 0
HYDROGEL_PACK: 0
Total profit: 9,264
Profit summary:
Round 3 day 0: -821
Round 3 day 1: 2,914
Round 3 day 2: 9,264
Total profit: 11,356

Successfully saved backtest results to manual_traders/R3_VEV/r3v_synthetic_local_vol_surface_15/run_logs/trader_v21_adaptive_corebiased.log
