running algorithm '/workspace/manual_traders/R3_VEV/r3v_synthetic_local_vol_surface_15/trader_v19_uniform.py'...
Backtesting /workspace/manual_traders/R3_VEV/r3v_synthetic_local_vol_surface_15/trader_v19_uniform.py for round: 3 day: 0
VEV_6500: 0
VEV_6000: 0
VEV_5500: 371
VEV_5400: -428
VEV_5300: -96
VEV_5200: 480
VEV_5100: 262
VEV_5000: -1,428
VEV_4500: 0
VEV_4000: 0
VELVETFRUIT_EXTRACT: 0
HYDROGEL_PACK: 0
Total profit: -839
Backtesting /workspace/manual_traders/R3_VEV/r3v_synthetic_local_vol_surface_15/trader_v19_uniform.py for round: 3 day: 1
VEV_6500: 0
VEV_6000: 0
VEV_5500: 90
VEV_5400: -388
VEV_5300: -2,311
VEV_5200: -2,408
VEV_5100: 4,503
VEV_5000: 3,460
VEV_4500: 0
VEV_4000: 0
VELVETFRUIT_EXTRACT: 0
HYDROGEL_PACK: 0
Total profit: 2,946
Backtesting /workspace/manual_traders/R3_VEV/r3v_synthetic_local_vol_surface_15/trader_v19_uniform.py for round: 3 day: 2
VEV_6500: 0
VEV_6000: 0
VEV_5500: -121
VEV_5400: 330
VEV_5300: -1,194
VEV_5200: -4,560
VEV_5100: 11,001
VEV_5000: 3,836
VEV_4500: 0
VEV_4000: 0
VELVETFRUIT_EXTRACT: 0
HYDROGEL_PACK: 0
Total profit: 9,292
Profit summary:
Round 3 day 0: -839
Round 3 day 1: 2,946
Round 3 day 2: 9,292
Total profit: 11,399

Successfully saved backtest results to manual_traders/R3_VEV/r3v_synthetic_local_vol_surface_15/run_logs/trader_v19_uniform.log
